[debug] [2019-06-02T08:05:37.906Z] ----------------------------------------------------------------------
[debug] [2019-06-02T08:05:37.908Z] Command:       C:\Program Files\nodejs\node.exe C:\Users\Sunday\AppData\Roaming\npm\node_modules\firebase-tools\lib\bin\firebase.js init
[debug] [2019-06-02T08:05:37.908Z] CLI Version:   6.10.0
[debug] [2019-06-02T08:05:37.908Z] Platform:      win32
[debug] [2019-06-02T08:05:37.908Z] Node Version:  v11.14.0
[debug] [2019-06-02T08:05:37.911Z] Time:          Sun Jun 02 2019 17:05:37 GMT+0900 (GMT+09:00)
[debug] [2019-06-02T08:05:37.911Z] ----------------------------------------------------------------------
[debug] 
[debug] [2019-06-02T08:05:37.917Z] > command requires scopes: ["email","openid","https://www.googleapis.com/auth/cloudplatformprojects.readonly","https://www.googleapis.com/auth/firebase","https://www.googleapis.com/auth/cloud-platform"]
[debug] [2019-06-02T08:05:37.918Z] > authorizing via signed-in user
[info] 
     ######## #### ########  ######## ########     ###     ######  ########
     ##        ##  ##     ## ##       ##     ##  ##   ##  ##       ##
     ######    ##  ########  ######   ########  #########  ######  ######
     ##        ##  ##    ##  ##       ##     ## ##     ##       ## ##
     ##       #### ##     ## ######## ########  ##     ##  ######  ########

You're about to initialize a Firebase project in this directory:

  D:\ykkim\firebase_ykkim

[info] 
=== Project Setup
[info] 
[info] First, let's associate this project directory with a Firebase project.
[info] You can create multiple project aliases by running firebase use --add, 
[info] but for now we'll just set up a default project.
[info] 
[debug] [2019-06-02T08:06:15.234Z] > refreshing access token with scopes: ["email","https://www.googleapis.com/auth/cloud-platform","https://www.googleapis.com/auth/cloudplatformprojects.readonly","https://www.googleapis.com/auth/firebase","openid"]
[debug] [2019-06-02T08:06:15.235Z] >>> HTTP REQUEST POST https://www.googleapis.com/oauth2/v3/token  
 <request body omitted>
[debug] [2019-06-02T08:06:15.609Z] <<< HTTP RESPONSE 200
[debug] [2019-06-02T08:06:15.614Z] >>> HTTP REQUEST GET https://firebase.googleapis.com/v1beta1/projects?page_size=100  
 
[debug] [2019-06-02T08:06:16.569Z] <<< HTTP RESPONSE 200
